<?xml version="1.0" encoding="UTF-8"?>
<!-- Generated by org.testng.reporters.JUnitReportReporter -->
<testsuite hostname="LAPTOP-VOCMD0EQ" failures="0" tests="1" name="TestCases.LoginPageTest" time="2.887" errors="0" timestamp="28 Aug 2022 16:32:06 GMT">
  <testcase classname="TestCases.LoginPageTest" name="loginTest" time="2.887"/>
</testsuite> <!-- TestCases.LoginPageTest -->
